<?xml version="1.0" encoding="UTF-8" ?>
<testsuite failures="0" time="0.002" errors="0" skipped="0" tests="5" name="org.apache.commons.cli.ParseRequiredTest">
  <properties>
[...]
</properties>
  <testcase time="0" classname="org.apache.commons.cli.ParseRequiredTest" name="testWithRequiredOption"/>
  <testcase time="0" classname="org.apache.commons.cli.ParseRequiredTest" name="testOptionAndRequiredOption"/>
  <testcase time="0" classname="org.apache.commons.cli.ParseRequiredTest" name="testMissingRequiredOption"/>
  <testcase time="0" classname="org.apache.commons.cli.ParseRequiredTest" name="testMissingRequiredOptions"/>
  <testcase time="0" classname="org.apache.commons.cli.ParseRequiredTest" name="testReuseOptionsTwice"/>
</testsuite>